
Gurobi 10.0.2 (win64, Matlab) logging started Tue Oct  3 16:39:06 2023

Set parameter TimeLimit to value 15000
Set parameter NodefileDir to value ""
Set parameter LogFile to value "Case_42_LDF.log"
Gurobi Optimizer version 10.0.2 build v10.0.2rc0 (win64)

CPU model: 13th Gen Intel(R) Core(TM) i7-1360P, instruction set [SSE2|AVX|AVX2]
Thread count: 12 physical cores, 16 logical processors, using up to 16 threads

Optimize a model with 12964 rows, 8458 columns and 81133 nonzeros
Model fingerprint: 0xa6f336b1
Variable types: 538 continuous, 7920 integer (7920 binary)
Coefficient statistics:
  Matrix range     [1e+00, 5e+01]
  Objective range  [1e+06, 2e+11]
  Bounds range     [1e+00, 1e+00]
  RHS range        [1e+00, 6e+02]
Warning: Model contains large objective coefficients
         Consider reformulating model or setting NumericFocus parameter
         to avoid numerical issues.
Presolve removed 7664 rows and 5820 columns
Presolve time: 0.27s
Presolved: 5300 rows, 2638 columns, 77061 nonzeros
Variable types: 538 continuous, 2100 integer (2100 binary)
Found heuristic solution: objective 4.271527e+12

Root relaxation: objective 2.312248e+08, 1419 iterations, 0.02 seconds (0.03 work units)

    Nodes    |    Current Node    |     Objective Bounds      |     Work
 Expl Unexpl |  Obj  Depth IntInf | Incumbent    BestBd   Gap | It/Node Time

     0     0 2.3122e+08    0   30 4.2715e+12 2.3122e+08   100%     -    1s
H    0     0                    2.388018e+11 2.3122e+08   100%     -    1s
H    0     0                    7.223872e+10 2.3122e+08   100%     -    1s
H    0     0                    7.223717e+10 2.3122e+08   100%     -    1s
     0     0 2.3367e+08    0   67 7.2237e+10 2.3367e+08   100%     -    1s
H    0     0                    2.424174e+10 2.3367e+08  99.0%     -    1s
H    0     0                    2.423068e+10 2.3377e+08  99.0%     -    1s
     0     0 2.3377e+08    0   64 2.4231e+10 2.3377e+08  99.0%     -    1s
     0     0 2.3545e+08    0   76 2.4231e+10 2.3545e+08  99.0%     -    1s
     0     0 2.3575e+08    0   93 2.4231e+10 2.3575e+08  99.0%     -    1s
     0     0 2.3576e+08    0   94 2.4231e+10 2.3576e+08  99.0%     -    1s
     0     0 2.3576e+08    0   92 2.4231e+10 2.3576e+08  99.0%     -    1s
H    0     0                    2.422660e+10 2.3576e+08  99.0%     -    1s
     0     0 2.3697e+08    0   87 2.4227e+10 2.3697e+08  99.0%     -    1s
     0     0 2.3723e+08    0  110 2.4227e+10 2.3723e+08  99.0%     -    1s
     0     0 2.3726e+08    0   91 2.4227e+10 2.3726e+08  99.0%     -    1s
     0     0 2.3727e+08    0   94 2.4227e+10 2.3727e+08  99.0%     -    1s
     0     0 2.3737e+08    0  105 2.4227e+10 2.3737e+08  99.0%     -    1s
     0     0 2.3739e+08    0   98 2.4227e+10 2.3739e+08  99.0%     -    1s
     0     0 2.3739e+08    0   88 2.4227e+10 2.3739e+08  99.0%     -    1s
     0     0 2.3739e+08    0  100 2.4227e+10 2.3739e+08  99.0%     -    1s
     0     0 2.3739e+08    0   87 2.4227e+10 2.3739e+08  99.0%     -    1s
     0     0 2.3739e+08    0   87 2.4227e+10 2.3739e+08  99.0%     -    1s
     0     0 2.3746e+08    0   86 2.4227e+10 2.3746e+08  99.0%     -    1s
     0     0 2.3748e+08    0   97 2.4227e+10 2.3748e+08  99.0%     -    1s
     0     0 2.3749e+08    0  101 2.4227e+10 2.3749e+08  99.0%     -    1s
     0     0 2.3749e+08    0   88 2.4227e+10 2.3749e+08  99.0%     -    1s
     0     0 2.3749e+08    0   85 2.4227e+10 2.3749e+08  99.0%     -    2s
     0     0 2.3749e+08    0   86 2.4227e+10 2.3749e+08  99.0%     -    2s
     0     0 2.3749e+08    0   89 2.4227e+10 2.3749e+08  99.0%     -    2s
     0     0 2.3749e+08    0   89 2.4227e+10 2.3749e+08  99.0%     -    2s
     0     0 2.3749e+08    0   30 2.4227e+10 2.3749e+08  99.0%     -    2s
     0     0 2.3749e+08    0   62 2.4227e+10 2.3749e+08  99.0%     -    2s
H    0     0                    1.223907e+10 2.3749e+08  98.1%     -    2s
     0     0 2.3749e+08    0  105 1.2239e+10 2.3749e+08  98.1%     -    3s
     0     0 2.3749e+08    0   77 1.2239e+10 2.3749e+08  98.1%     -    3s
     0     0 2.3749e+08    0   79 1.2239e+10 2.3749e+08  98.1%     -    3s
     0     0 2.3749e+08    0   94 1.2239e+10 2.3749e+08  98.1%     -    3s
     0     0 2.3749e+08    0  120 1.2239e+10 2.3749e+08  98.1%     -    3s
     0     0 2.3749e+08    0   85 1.2239e+10 2.3749e+08  98.1%     -    3s
     0     0 2.3749e+08    0   86 1.2239e+10 2.3749e+08  98.1%     -    3s
     0     0 2.3749e+08    0   89 1.2239e+10 2.3749e+08  98.1%     -    3s
H    0     0                    1.223847e+10 2.3749e+08  98.1%     -    3s
     0     0 2.3796e+08    0   96 1.2238e+10 2.3796e+08  98.1%     -    3s
     0     0 2.3799e+08    0  111 1.2238e+10 2.3799e+08  98.1%     -    3s
     0     0 2.3799e+08    0  115 1.2238e+10 2.3799e+08  98.1%     -    3s
     0     0 2.3803e+08    0  119 1.2238e+10 2.3803e+08  98.1%     -    3s
     0     0 2.3804e+08    0  110 1.2238e+10 2.3804e+08  98.1%     -    3s
     0     0 2.3805e+08    0  121 1.2238e+10 2.3805e+08  98.1%     -    3s
     0     0 2.3808e+08    0   87 1.2238e+10 2.3808e+08  98.1%     -    3s
     0     0 2.3809e+08    0  111 1.2238e+10 2.3809e+08  98.1%     -    3s
     0     0 2.3809e+08    0  111 1.2238e+10 2.3809e+08  98.1%     -    3s
     0     0 2.3810e+08    0   83 1.2238e+10 2.3810e+08  98.1%     -    3s
     0     0 2.3810e+08    0   83 1.2238e+10 2.3810e+08  98.1%     -    3s
     0     0 2.3810e+08    0  121 1.2238e+10 2.3810e+08  98.1%     -    3s
H    0     0                    1.223692e+10 2.3810e+08  98.1%     -    3s
H    0     0                    1.223341e+10 2.3810e+08  98.1%     -    3s
     0     0 2.3812e+08    0   87 1.2233e+10 2.3812e+08  98.1%     -    3s
     0     0 2.3812e+08    0  101 1.2233e+10 2.3812e+08  98.1%     -    3s
     0     0 2.3812e+08    0  101 1.2233e+10 2.3812e+08  98.1%     -    3s
     0     2 2.3812e+08    0  101 1.2233e+10 2.3812e+08  98.1%     -    4s
H  121   134                    2.423099e+08 2.3855e+08  1.55%  57.2    5s
* 1893  1135              33    2.423099e+08 2.4231e+08  0.00%  28.3    8s

Cutting planes:
  Gomory: 22
  Cover: 4
  Projected implied bound: 4
  MIR: 43
  Flow cover: 60
  Relax-and-lift: 2

Explored 1893 nodes (59843 simplex iterations) in 8.84 seconds (9.29 work units)
Thread count was 16 (of 16 available processors)

Solution count 10: 2.4231e+08 1.22334e+10 1.22369e+10 ... 7.22387e+10
No other solutions better than 2.4231e+08

Optimal solution found (tolerance 1.00e-04)
Best objective 2.423099170698e+08, best bound 2.423099170698e+08, gap 0.0000%

Gurobi 10.0.2 (win64, Matlab) logging started Tue Oct  3 16:40:33 2023

Set parameter TimeLimit to value 15000
Set parameter NodefileDir to value ""
Set parameter LogFile to value "Case_42_LDF.log"
Gurobi Optimizer version 10.0.2 build v10.0.2rc0 (win64)

CPU model: 13th Gen Intel(R) Core(TM) i7-1360P, instruction set [SSE2|AVX|AVX2]
Thread count: 12 physical cores, 16 logical processors, using up to 16 threads

Optimize a model with 12964 rows, 8458 columns and 81133 nonzeros
Model fingerprint: 0xa6f336b1
Variable types: 538 continuous, 7920 integer (7920 binary)
Coefficient statistics:
  Matrix range     [1e+00, 5e+01]
  Objective range  [1e+06, 2e+11]
  Bounds range     [1e+00, 1e+00]
  RHS range        [1e+00, 6e+02]
Warning: Model contains large objective coefficients
         Consider reformulating model or setting NumericFocus parameter
         to avoid numerical issues.
Presolve removed 7664 rows and 5820 columns
Presolve time: 0.26s
Presolved: 5300 rows, 2638 columns, 77061 nonzeros
Variable types: 538 continuous, 2100 integer (2100 binary)
Found heuristic solution: objective 4.271527e+12

Root relaxation: objective 2.312248e+08, 1419 iterations, 0.02 seconds (0.03 work units)

    Nodes    |    Current Node    |     Objective Bounds      |     Work
 Expl Unexpl |  Obj  Depth IntInf | Incumbent    BestBd   Gap | It/Node Time

     0     0 2.3122e+08    0   30 4.2715e+12 2.3122e+08   100%     -    0s
H    0     0                    2.388018e+11 2.3122e+08   100%     -    0s
H    0     0                    7.223872e+10 2.3122e+08   100%     -    0s
H    0     0                    7.223717e+10 2.3122e+08   100%     -    0s
     0     0 2.3367e+08    0   67 7.2237e+10 2.3367e+08   100%     -    0s
H    0     0                    2.424174e+10 2.3367e+08  99.0%     -    0s
H    0     0                    2.423068e+10 2.3377e+08  99.0%     -    0s
     0     0 2.3377e+08    0   64 2.4231e+10 2.3377e+08  99.0%     -    0s
     0     0 2.3545e+08    0   76 2.4231e+10 2.3545e+08  99.0%     -    0s
     0     0 2.3575e+08    0   93 2.4231e+10 2.3575e+08  99.0%     -    0s
     0     0 2.3576e+08    0   94 2.4231e+10 2.3576e+08  99.0%     -    0s
     0     0 2.3576e+08    0   92 2.4231e+10 2.3576e+08  99.0%     -    0s
H    0     0                    2.422660e+10 2.3576e+08  99.0%     -    0s
     0     0 2.3697e+08    0   87 2.4227e+10 2.3697e+08  99.0%     -    0s
     0     0 2.3723e+08    0  110 2.4227e+10 2.3723e+08  99.0%     -    0s
     0     0 2.3726e+08    0   91 2.4227e+10 2.3726e+08  99.0%     -    0s
     0     0 2.3727e+08    0   94 2.4227e+10 2.3727e+08  99.0%     -    0s
     0     0 2.3737e+08    0  105 2.4227e+10 2.3737e+08  99.0%     -    0s
     0     0 2.3739e+08    0   98 2.4227e+10 2.3739e+08  99.0%     -    1s
     0     0 2.3739e+08    0   88 2.4227e+10 2.3739e+08  99.0%     -    1s
     0     0 2.3739e+08    0  100 2.4227e+10 2.3739e+08  99.0%     -    1s
     0     0 2.3739e+08    0   87 2.4227e+10 2.3739e+08  99.0%     -    1s
     0     0 2.3739e+08    0   87 2.4227e+10 2.3739e+08  99.0%     -    1s
     0     0 2.3746e+08    0   86 2.4227e+10 2.3746e+08  99.0%     -    1s
     0     0 2.3748e+08    0   97 2.4227e+10 2.3748e+08  99.0%     -    1s
     0     0 2.3749e+08    0  101 2.4227e+10 2.3749e+08  99.0%     -    1s
     0     0 2.3749e+08    0   88 2.4227e+10 2.3749e+08  99.0%     -    1s
     0     0 2.3749e+08    0   85 2.4227e+10 2.3749e+08  99.0%     -    1s
     0     0 2.3749e+08    0   86 2.4227e+10 2.3749e+08  99.0%     -    1s
     0     0 2.3749e+08    0   89 2.4227e+10 2.3749e+08  99.0%     -    1s
     0     0 2.3749e+08    0   89 2.4227e+10 2.3749e+08  99.0%     -    1s
     0     0 2.3749e+08    0   30 2.4227e+10 2.3749e+08  99.0%     -    2s
     0     0 2.3749e+08    0   62 2.4227e+10 2.3749e+08  99.0%     -    2s
H    0     0                    1.223907e+10 2.3749e+08  98.1%     -    2s
     0     0 2.3749e+08    0  105 1.2239e+10 2.3749e+08  98.1%     -    2s
     0     0 2.3749e+08    0   77 1.2239e+10 2.3749e+08  98.1%     -    2s
     0     0 2.3749e+08    0   79 1.2239e+10 2.3749e+08  98.1%     -    2s
     0     0 2.3749e+08    0   94 1.2239e+10 2.3749e+08  98.1%     -    2s
     0     0 2.3749e+08    0  120 1.2239e+10 2.3749e+08  98.1%     -    2s
     0     0 2.3749e+08    0   85 1.2239e+10 2.3749e+08  98.1%     -    2s
     0     0 2.3749e+08    0   86 1.2239e+10 2.3749e+08  98.1%     -    2s
     0     0 2.3749e+08    0   89 1.2239e+10 2.3749e+08  98.1%     -    2s
H    0     0                    1.223847e+10 2.3749e+08  98.1%     -    2s
     0     0 2.3796e+08    0   96 1.2238e+10 2.3796e+08  98.1%     -    2s
     0     0 2.3799e+08    0  111 1.2238e+10 2.3799e+08  98.1%     -    2s
     0     0 2.3799e+08    0  115 1.2238e+10 2.3799e+08  98.1%     -    2s
     0     0 2.3803e+08    0  119 1.2238e+10 2.3803e+08  98.1%     -    2s
     0     0 2.3804e+08    0  110 1.2238e+10 2.3804e+08  98.1%     -    2s
     0     0 2.3805e+08    0  121 1.2238e+10 2.3805e+08  98.1%     -    2s
     0     0 2.3808e+08    0   87 1.2238e+10 2.3808e+08  98.1%     -    2s
     0     0 2.3809e+08    0  111 1.2238e+10 2.3809e+08  98.1%     -    2s
     0     0 2.3809e+08    0  111 1.2238e+10 2.3809e+08  98.1%     -    2s
     0     0 2.3810e+08    0   83 1.2238e+10 2.3810e+08  98.1%     -    2s
     0     0 2.3810e+08    0   83 1.2238e+10 2.3810e+08  98.1%     -    2s
     0     0 2.3810e+08    0  121 1.2238e+10 2.3810e+08  98.1%     -    2s
H    0     0                    1.223692e+10 2.3810e+08  98.1%     -    2s
H    0     0                    1.223341e+10 2.3810e+08  98.1%     -    2s
     0     0 2.3812e+08    0   87 1.2233e+10 2.3812e+08  98.1%     -    2s
     0     0 2.3812e+08    0  101 1.2233e+10 2.3812e+08  98.1%     -    2s
     0     0 2.3812e+08    0  101 1.2233e+10 2.3812e+08  98.1%     -    3s
     0     2 2.3812e+08    0  101 1.2233e+10 2.3812e+08  98.1%     -    3s
H  121   134                    2.423099e+08 2.3855e+08  1.55%  57.2    4s
   133   153 2.4087e+08   11  131 2.4231e+08 2.3855e+08  1.55%  55.8    5s
* 1893  1135              33    2.423099e+08 2.4231e+08  0.00%  28.3    8s

Cutting planes:
  Gomory: 22
  Cover: 4
  Projected implied bound: 4
  MIR: 43
  Flow cover: 60
  Relax-and-lift: 2

Explored 1893 nodes (59843 simplex iterations) in 8.24 seconds (9.29 work units)
Thread count was 16 (of 16 available processors)

Solution count 10: 2.4231e+08 1.22334e+10 1.22369e+10 ... 7.22387e+10
No other solutions better than 2.4231e+08

Optimal solution found (tolerance 1.00e-04)
Best objective 2.423099170698e+08, best bound 2.423099170698e+08, gap 0.0000%

Gurobi 10.0.2 (win64, Matlab) logging started Tue Oct  3 16:50:57 2023

Set parameter TimeLimit to value 15000
Set parameter NodefileDir to value ""
Set parameter LogFile to value "Case_42_LDF.log"
Gurobi Optimizer version 10.0.2 build v10.0.2rc0 (win64)

CPU model: 13th Gen Intel(R) Core(TM) i7-1360P, instruction set [SSE2|AVX|AVX2]
Thread count: 12 physical cores, 16 logical processors, using up to 16 threads

Optimize a model with 13954 rows, 10438 columns and 100889 nonzeros
Model fingerprint: 0x0aa5a332
Variable types: 538 continuous, 9900 integer (9900 binary)
Coefficient statistics:
  Matrix range     [1e+00, 7e+01]
  Objective range  [2e+06, 1e+09]
  Bounds range     [1e+00, 1e+00]
  RHS range        [1e+00, 6e+02]
Presolve removed 8421 rows and 7275 columns
Presolve time: 0.30s
Presolved: 5533 rows, 3163 columns, 95151 nonzeros
Variable types: 538 continuous, 2625 integer (2625 binary)
Found heuristic solution: objective 1.566765e+11
Found heuristic solution: objective 1.206778e+11

Root relaxation: objective 2.140392e+08, 1340 iterations, 0.02 seconds (0.03 work units)

    Nodes    |    Current Node    |     Objective Bounds      |     Work
 Expl Unexpl |  Obj  Depth IntInf | Incumbent    BestBd   Gap | It/Node Time

     0     0 2.1404e+08    0   28 1.2068e+11 2.1404e+08   100%     -    0s
H    0     0                    4.822636e+10 2.1404e+08   100%     -    0s
H    0     0                    4.821419e+10 2.1404e+08   100%     -    0s
H    0     0                    3.623440e+10 2.1404e+08  99.4%     -    0s
     0     0 2.1622e+08    0   50 3.6234e+10 2.1622e+08  99.4%     -    0s
     0     0 2.1649e+08    0   55 3.6234e+10 2.1649e+08  99.4%     -    0s
     0     0 2.1722e+08    0   76 3.6234e+10 2.1722e+08  99.4%     -    0s
H    0     0                    2.424533e+10 2.1722e+08  99.1%     -    0s
     0     0 2.1739e+08    0   86 2.4245e+10 2.1739e+08  99.1%     -    0s
     0     0 2.1749e+08    0   78 2.4245e+10 2.1749e+08  99.1%     -    1s
H    0     0                    2.421816e+10 2.1750e+08  99.1%     -    1s
     0     0 2.1750e+08    0   79 2.4218e+10 2.1750e+08  99.1%     -    1s
     0     0 2.1750e+08    0   80 2.4218e+10 2.1750e+08  99.1%     -    1s
     0     0 2.1750e+08    0   82 2.4218e+10 2.1750e+08  99.1%     -    1s
     0     0 2.1750e+08    0   82 2.4218e+10 2.1750e+08  99.1%     -    1s
     0     0 2.1773e+08    0   89 2.4218e+10 2.1773e+08  99.1%     -    1s
     0     0 2.1780e+08    0   84 2.4218e+10 2.1780e+08  99.1%     -    1s
     0     0 2.1789e+08    0   89 2.4218e+10 2.1789e+08  99.1%     -    1s
     0     0 2.1794e+08    0   97 2.4218e+10 2.1794e+08  99.1%     -    1s
     0     0 2.1794e+08    0   96 2.4218e+10 2.1794e+08  99.1%     -    1s
     0     0 2.1807e+08    0   85 2.4218e+10 2.1807e+08  99.1%     -    1s
     0     0 2.1809e+08    0   92 2.4218e+10 2.1809e+08  99.1%     -    1s
     0     0 2.1809e+08    0   94 2.4218e+10 2.1809e+08  99.1%     -    1s
     0     0 2.1809e+08    0  102 2.4218e+10 2.1809e+08  99.1%     -    1s
     0     0 2.1816e+08    0   90 2.4218e+10 2.1816e+08  99.1%     -    1s
     0     0 2.1818e+08    0   94 2.4218e+10 2.1818e+08  99.1%     -    1s
     0     0 2.1819e+08    0  102 2.4218e+10 2.1819e+08  99.1%     -    1s
     0     0 2.1820e+08    0  104 2.4218e+10 2.1820e+08  99.1%     -    1s
     0     0 2.1820e+08    0  104 2.4218e+10 2.1820e+08  99.1%     -    1s
     0     0 2.1823e+08    0  103 2.4218e+10 2.1823e+08  99.1%     -    1s
H    0     0                    1.224687e+10 2.1826e+08  98.2%     -    1s
     0     0 2.1826e+08    0   98 1.2247e+10 2.1826e+08  98.2%     -    1s
     0     0 2.1827e+08    0   97 1.2247e+10 2.1827e+08  98.2%     -    1s
     0     0 2.1827e+08    0   95 1.2247e+10 2.1827e+08  98.2%     -    1s
     0     0 2.1827e+08    0   95 1.2247e+10 2.1827e+08  98.2%     -    1s
     0     0 2.1827e+08    0   94 1.2247e+10 2.1827e+08  98.2%     -    1s
H    0     0                    1.224562e+10 2.1827e+08  98.2%     -    1s
     0     0 2.1828e+08    0   98 1.2246e+10 2.1828e+08  98.2%     -    1s
     0     0 2.1829e+08    0   95 1.2246e+10 2.1829e+08  98.2%     -    1s
     0     0 2.1829e+08    0   94 1.2246e+10 2.1829e+08  98.2%     -    1s
     0     0 2.1829e+08    0   95 1.2246e+10 2.1829e+08  98.2%     -    1s
     0     0 2.1829e+08    0   96 1.2246e+10 2.1829e+08  98.2%     -    1s
     0     0 2.1833e+08    0   96 1.2246e+10 2.1833e+08  98.2%     -    1s
     0     0 2.1833e+08    0  103 1.2246e+10 2.1833e+08  98.2%     -    2s
     0     0 2.1833e+08    0   96 1.2246e+10 2.1833e+08  98.2%     -    2s
     0     0 2.1833e+08    0  105 1.2246e+10 2.1833e+08  98.2%     -    2s
     0     0 2.1837e+08    0   97 1.2246e+10 2.1837e+08  98.2%     -    2s
H    0     0                    1.224430e+10 2.1837e+08  98.2%     -    2s
     0     0 2.1838e+08    0  103 1.2244e+10 2.1838e+08  98.2%     -    2s
     0     0 2.1838e+08    0   94 1.2244e+10 2.1838e+08  98.2%     -    2s
     0     0 2.1839e+08    0   98 1.2244e+10 2.1839e+08  98.2%     -    2s
     0     0 2.1840e+08    0  109 1.2244e+10 2.1840e+08  98.2%     -    2s
     0     0 2.1840e+08    0  109 1.2244e+10 2.1840e+08  98.2%     -    2s
     0     0 2.1841e+08    0  107 1.2244e+10 2.1841e+08  98.2%     -    2s
     0     0 2.1841e+08    0   97 1.2244e+10 2.1841e+08  98.2%     -    2s
     0     0 2.1841e+08    0   96 1.2244e+10 2.1841e+08  98.2%     -    2s
     0     0 2.1841e+08    0   96 1.2244e+10 2.1841e+08  98.2%     -    2s
     0     0 2.1841e+08    0   97 1.2244e+10 2.1841e+08  98.2%     -    2s
     0     0 2.1841e+08    0   97 1.2244e+10 2.1841e+08  98.2%     -    2s
     0     2 2.1841e+08    0   97 1.2244e+10 2.1841e+08  98.2%     -    3s
H   27    40                    1.224013e+10 2.1853e+08  98.2%  63.3    4s
H   29    40                    1.222788e+10 2.1853e+08  98.2%  62.1    4s
H   73    81                    1.222538e+10 2.1863e+08  98.2%  60.1    4s
    98   119 2.1900e+08    8   91 1.2225e+10 2.1863e+08  98.2%  55.9    5s
H  259   271                    1.222520e+10 2.1863e+08  98.2%  41.6    5s
H  264   271                    1.222497e+10 2.1863e+08  98.2%  41.4    5s
  6054  6728 2.7382e+08  480   36 1.2225e+10 2.1863e+08  98.2%  14.9   10s
  9287  9197 2.3278e+08  295   91 1.2225e+10 2.1952e+08  98.2%  13.4   15s
H 9301  8744                    1.222257e+10 2.1982e+08  98.2%  13.4   15s
H 9304  8308                    2.302325e+08 2.1983e+08  4.52%  13.4   16s
H 9310  7895                    2.302325e+08 2.1986e+08  4.51%  13.3   16s
H 9345  7523                    2.287809e+08 2.2012e+08  3.79%  13.8   19s
H 9349  7149                    2.276940e+08 2.2013e+08  3.32%  13.8   19s
H 9349  6791                    2.275511e+08 2.2013e+08  3.26%  13.8   19s
H 9352  6453                    2.270582e+08 2.2013e+08  3.05%  13.7   19s
  9354  6454 2.2706e+08  391  121 2.2706e+08 2.2013e+08  3.05%  13.7   20s
H 9357  6135                    2.270582e+08 2.2017e+08  3.04%  14.0   20s
H 9390  5853                    2.270582e+08 2.2025e+08  3.00%  14.3   21s
  9987  6239 2.2133e+08   49   40 2.2706e+08 2.2027e+08  2.99%  16.4   25s
H10662  6252                    2.258164e+08 2.2027e+08  2.46%  17.2   26s
H12973  6907                    2.258164e+08 2.2029e+08  2.45%  20.5   29s
 13925  7444 2.2253e+08  107  109 2.2582e+08 2.2029e+08  2.45%  21.0   30s
H14455  7316                    2.258164e+08 2.2029e+08  2.45%  21.2   30s
H14622  7019                    2.258164e+08 2.2029e+08  2.45%  21.2   31s
H14623  6781                    2.258164e+08 2.2029e+08  2.45%  21.2   31s
H14624  6271                    2.251432e+08 2.2029e+08  2.16%  21.2   31s
 17860  7635 2.2339e+08  112   97 2.2514e+08 2.2052e+08  2.05%  22.1   35s
 18174  7737 2.2098e+08   47   75 2.2514e+08 2.2055e+08  2.04%  22.7   40s
H19112  7625                    2.251432e+08 2.2055e+08  2.04%  23.1   41s
 22758  9180 2.2276e+08  142   80 2.2514e+08 2.2055e+08  2.04%  24.4   45s
H23494  8279                    2.243868e+08 2.2055e+08  1.71%  24.4   46s
 29873 10948 2.2250e+08   84   97 2.2439e+08 2.2113e+08  1.45%  25.5   50s
H35562 11917                    2.243868e+08 2.2127e+08  1.39%  26.7   53s
 35571 11923 2.2410e+08  115  100 2.2439e+08 2.2127e+08  1.39%  26.7   55s
H35702 11389                    2.243868e+08 2.2127e+08  1.39%  26.8   57s
 36518 11591 2.2142e+08   77   55 2.2439e+08 2.2127e+08  1.39%  26.9   60s
H40742 12125                    2.243868e+08 2.2127e+08  1.39%  27.0   63s
 42955 13035 2.2268e+08  100   58 2.2439e+08 2.2127e+08  1.39%  27.3   65s
 53379 17805     cutoff   88      2.2439e+08 2.2147e+08  1.30%  26.6   70s
 61500 20229 2.2209e+08   93   54 2.2439e+08 2.2157e+08  1.26%  26.7   75s
 70606 24019 2.2347e+08   87   88 2.2439e+08 2.2167e+08  1.21%  27.1   80s
 71988 24020 2.2338e+08  168   97 2.2439e+08 2.2168e+08  1.21%  27.0   85s
 72038 24055 2.2421e+08   77   73 2.2439e+08 2.2168e+08  1.21%  27.1   90s
 72074 24079 2.2384e+08  158   88 2.2439e+08 2.2170e+08  1.20%  27.0   95s
H72083 22884                    2.240743e+08 2.2173e+08  1.04%  27.1   95s
H72112 21738                    2.240743e+08 2.2183e+08  1.00%  27.1   95s
 75807 22132 2.2194e+08   80   83 2.2407e+08 2.2194e+08  0.95%  27.3  100s
*81442 19418             109    2.232622e+08 2.2256e+08  0.32%  27.5  102s
*81995 18023             117    2.232549e+08 2.2264e+08  0.28%  27.6  103s

Cutting planes:
  Gomory: 81
  Cover: 10
  MIR: 97
  StrongCG: 1
  Flow cover: 63
  Zero half: 5
  Network: 1

Explored 85284 nodes (2361336 simplex iterations) in 104.23 seconds (103.95 work units)
Thread count was 16 (of 16 available processors)

Solution count 10: 2.23255e+08 2.23262e+08 2.24074e+08 ... 2.28781e+08

Optimal solution found (tolerance 1.00e-04)
Best objective 2.232548690308e+08, best bound 2.232548690308e+08, gap 0.0000%

Gurobi 10.0.2 (win64, Matlab) logging started Tue Oct  3 16:58:46 2023

Set parameter TimeLimit to value 15000
Set parameter NodefileDir to value ""
Set parameter LogFile to value "Case_42_LDF.log"
Gurobi Optimizer version 10.0.2 build v10.0.2rc0 (win64)

CPU model: 13th Gen Intel(R) Core(TM) i7-1360P, instruction set [SSE2|AVX|AVX2]
Thread count: 12 physical cores, 16 logical processors, using up to 16 threads

Optimize a model with 13954 rows, 10438 columns and 100889 nonzeros
Model fingerprint: 0x1b10273f
Variable types: 538 continuous, 9900 integer (9900 binary)
Coefficient statistics:
  Matrix range     [1e+00, 7e+01]
  Objective range  [2e+06, 1e+09]
  Bounds range     [1e+00, 1e+00]
  RHS range        [1e+00, 6e+02]
Presolve removed 8421 rows and 7275 columns
Presolve time: 0.32s
Presolved: 5533 rows, 3163 columns, 95151 nonzeros
Variable types: 538 continuous, 2625 integer (2625 binary)
Found heuristic solution: objective 3.365356e+11
Found heuristic solution: objective 2.886127e+11

Root relaxation: objective 1.872674e+08, 1564 iterations, 0.02 seconds (0.03 work units)

    Nodes    |    Current Node    |     Objective Bounds      |     Work
 Expl Unexpl |  Obj  Depth IntInf | Incumbent    BestBd   Gap | It/Node Time

     0     0 1.8727e+08    0   40 2.8861e+11 1.8727e+08   100%     -    0s
H    0     0                    6.018887e+10 1.8727e+08   100%     -    0s
H    0     0                    6.018353e+10 1.8727e+08   100%     -    0s
     0     0 1.8912e+08    0   44 6.0184e+10 1.8912e+08   100%     -    0s
H    0     0                    3.618958e+10 1.8912e+08  99.5%     -    1s
H    0     0                    2.419285e+10 1.8915e+08  99.2%     -    1s
     0     0 1.8986e+08    0   34 2.4193e+10 1.8986e+08  99.2%     -    1s
     0     0 1.8986e+08    0   35 2.4193e+10 1.8986e+08  99.2%     -    1s
     0     0 1.8986e+08    0   35 2.4193e+10 1.8986e+08  99.2%     -    1s
H    0     0                    2.418798e+10 1.8986e+08  99.2%     -    1s
     0     0 1.8986e+08    0   58 2.4188e+10 1.8986e+08  99.2%     -    1s
     0     0 1.9002e+08    0   59 2.4188e+10 1.9002e+08  99.2%     -    1s
     0     0 1.9006e+08    0   63 2.4188e+10 1.9006e+08  99.2%     -    1s
     0     0 1.9007e+08    0   42 2.4188e+10 1.9007e+08  99.2%     -    1s
     0     0 1.9007e+08    0   43 2.4188e+10 1.9007e+08  99.2%     -    1s
     0     0 1.9008e+08    0   45 2.4188e+10 1.9008e+08  99.2%     -    1s
     0     0 1.9043e+08    0   42 2.4188e+10 1.9043e+08  99.2%     -    1s
     0     0 1.9055e+08    0   46 2.4188e+10 1.9055e+08  99.2%     -    1s
     0     0 1.9057e+08    0   47 2.4188e+10 1.9057e+08  99.2%     -    1s
     0     0 1.9057e+08    0   45 2.4188e+10 1.9057e+08  99.2%     -    1s
     0     0 1.9057e+08    0   46 2.4188e+10 1.9057e+08  99.2%     -    1s
     0     0 1.9069e+08    0   74 2.4188e+10 1.9069e+08  99.2%     -    1s
     0     0 1.9072e+08    0   77 2.4188e+10 1.9072e+08  99.2%     -    1s
     0     0 1.9072e+08    0   83 2.4188e+10 1.9072e+08  99.2%     -    1s
     0     0 1.9073e+08    0   79 2.4188e+10 1.9073e+08  99.2%     -    1s
     0     0 1.9073e+08    0   85 2.4188e+10 1.9073e+08  99.2%     -    1s
     0     0 1.9077e+08    0   83 2.4188e+10 1.9077e+08  99.2%     -    1s
     0     0 1.9080e+08    0   53 2.4188e+10 1.9080e+08  99.2%     -    1s
     0     0 1.9081e+08    0   54 2.4188e+10 1.9081e+08  99.2%     -    1s
     0     0 1.9083e+08    0   58 2.4188e+10 1.9083e+08  99.2%     -    1s
     0     0 1.9083e+08    0   58 2.4188e+10 1.9083e+08  99.2%     -    1s
     0     0 1.9083e+08    0   59 2.4188e+10 1.9083e+08  99.2%     -    1s
     0     0 1.9086e+08    0  100 2.4188e+10 1.9086e+08  99.2%     -    1s
     0     0 1.9086e+08    0   83 2.4188e+10 1.9086e+08  99.2%     -    2s
     0     0 1.9086e+08    0   84 2.4188e+10 1.9086e+08  99.2%     -    2s
     0     0 1.9086e+08    0   90 2.4188e+10 1.9086e+08  99.2%     -    2s
     0     0 1.9089e+08    0   82 2.4188e+10 1.9089e+08  99.2%     -    2s
     0     0 1.9090e+08    0   99 2.4188e+10 1.9090e+08  99.2%     -    2s
     0     0 1.9090e+08    0  102 2.4188e+10 1.9090e+08  99.2%     -    2s
     0     0 1.9090e+08    0   91 2.4188e+10 1.9090e+08  99.2%     -    2s
     0     0 1.9090e+08    0   91 2.4188e+10 1.9090e+08  99.2%     -    2s
     0     2 1.9090e+08    0   91 2.4188e+10 1.9090e+08  99.2%     -    2s
H   27    40                    2.418747e+10 1.9098e+08  99.2%  85.0    3s
H   32    40                    2.418673e+10 1.9098e+08  99.2%  77.5    3s
H   47    52                    2.418623e+10 1.9098e+08  99.2%  71.4    3s
H  125   127                    2.418614e+10 1.9098e+08  99.2%  54.7    3s
H  135   139                    1.219479e+10 1.9098e+08  98.4%  52.7    4s
H  137   139                    1.219220e+10 1.9098e+08  98.4%  52.6    4s
   857   937 1.9218e+08   57   80 1.2192e+10 1.9098e+08  98.4%  27.0    5s
H 1784  1768                    1.219177e+10 1.9098e+08  98.4%  20.1    5s
H 6586  6479                    1.219170e+10 1.9098e+08  98.4%  12.7    9s
  8996  8870 2.2465e+08  397   91 1.2192e+10 1.9098e+08  98.4%  11.5   11s
H 9052  8460                    1.219092e+10 1.9152e+08  98.4%  11.5   15s
  9119  8519 1.9217e+08   23   99 1.2191e+10 1.9168e+08  98.4%  12.4   20s
 10239  9214 1.9511e+08   49  100 1.2191e+10 1.9171e+08  98.4%  15.5   25s
H10243  8788                    1.218956e+10 1.9171e+08  98.4%  15.5   25s
 12969 10850 1.9585e+08   95   34 1.2190e+10 1.9171e+08  98.4%  17.4   30s
 17944 14630 1.9684e+08  145   76 1.2190e+10 1.9171e+08  98.4%  16.7   35s
 23085 16585 1.9829e+08  205   33 1.2190e+10 1.9171e+08  98.4%  17.8   40s
 28944 21679 2.0244e+08  262   34 1.2190e+10 1.9171e+08  98.4%  17.2   45s
H33413  5643                    2.007406e+08 1.9171e+08  4.50%  16.6   47s
 35547  7357 1.9255e+08   28   65 2.0074e+08 1.9195e+08  4.38%  17.3   50s
H36041  6991                    2.003710e+08 1.9195e+08  4.20%  17.6   53s
H36055  6650                    2.003710e+08 1.9195e+08  4.20%  17.6   54s
 36066  6658 1.9467e+08   73  111 2.0037e+08 1.9195e+08  4.20%  17.6   55s
 36299  6815 1.9278e+08   45  112 2.0037e+08 1.9199e+08  4.18%  18.1   60s
H36550  6620                    1.981294e+08 1.9199e+08  3.10%  18.4   62s
 37215  6935 1.9330e+08   63   55 1.9813e+08 1.9199e+08  3.10%  18.7   65s
H38702  7274                    1.981294e+08 1.9199e+08  3.10%  19.6   68s
H38743  6867                    1.976489e+08 1.9199e+08  2.86%  19.6   68s
 39598  7291 1.9332e+08   50   98 1.9765e+08 1.9199e+08  2.86%  20.3   70s
H40765  7328                    1.976489e+08 1.9199e+08  2.86%  20.7   72s
 41976  8143 1.9332e+08   62   49 1.9765e+08 1.9207e+08  2.82%  21.1   75s
 46413 10711 1.9678e+08  223  110 1.9765e+08 1.9236e+08  2.67%  22.0   80s
 50199 12524 1.9344e+08   83   52 1.9765e+08 1.9260e+08  2.56%  22.9   85s
 53905 13994 1.9664e+08  116   91 1.9765e+08 1.9263e+08  2.54%  23.3   90s
H53906 13295                    1.976489e+08 1.9263e+08  2.54%  23.3   90s
H54018 12710                    1.976449e+08 1.9263e+08  2.54%  23.5   94s
 54122 12768 1.9263e+08   59   99 1.9764e+08 1.9263e+08  2.54%  23.6   95s
 55023 13142     cutoff   84      1.9764e+08 1.9263e+08  2.54%  24.2  100s
H55063 12496                    1.976449e+08 1.9263e+08  2.54%  24.2  100s
 57954 13719 1.9557e+08  142   33 1.9764e+08 1.9263e+08  2.54%  25.0  105s
 61847 15746 1.9401e+08  138  102 1.9764e+08 1.9263e+08  2.54%  25.4  110s
H64576 16103                    1.976449e+08 1.9263e+08  2.54%  25.4  113s
 64888 16510 1.9728e+08   73   56 1.9764e+08 1.9263e+08  2.54%  25.5  115s
 69967 19180 1.9701e+08  114   89 1.9764e+08 1.9265e+08  2.53%  26.2  120s
 72490 19471 1.9304e+08   72   91 1.9764e+08 1.9265e+08  2.53%  26.6  133s
 72509 19484 1.9698e+08  215  123 1.9764e+08 1.9265e+08  2.53%  26.5  135s
H72534 18524                    1.976449e+08 1.9265e+08  2.53%  26.5  139s
H72546 17610                    1.976449e+08 1.9265e+08  2.53%  26.6  139s
 72562 17629 1.9301e+08   65   76 1.9764e+08 1.9265e+08  2.53%  26.6  140s
 73110 17845 1.9496e+08   91  100 1.9764e+08 1.9265e+08  2.53%  27.0  145s
 74414 18396 1.9677e+08  141   98 1.9764e+08 1.9265e+08  2.53%  27.3  150s
 77195 19672 1.9578e+08  231   93 1.9764e+08 1.9265e+08  2.53%  27.7  155s
 82016 22175 1.9493e+08   78  108 1.9764e+08 1.9292e+08  2.39%  27.8  160s
 86908 24296 1.9535e+08  203   40 1.9764e+08 1.9292e+08  2.39%  28.9  165s
 93013 26571 1.9491e+08  122   41 1.9764e+08 1.9303e+08  2.33%  29.3  170s
 98239 29180     cutoff  122      1.9764e+08 1.9313e+08  2.29%  29.8  175s
 103643 31958 1.9645e+08  211   97 1.9764e+08 1.9319e+08  2.25%  29.8  180s
 108707 36255 1.9402e+08   71   72 1.9764e+08 1.9323e+08  2.23%  30.1  185s
*111335 15573             104    1.952845e+08 1.9324e+08  1.05%  30.1  186s
H113649 14479                    1.952805e+08 1.9328e+08  1.02%  30.3  188s
 114808 15552 1.9371e+08   88   97 1.9528e+08 1.9330e+08  1.01%  30.3  190s
H115742 14447                    1.952805e+08 1.9331e+08  1.01%  30.4  190s
 119785 16778     cutoff   76      1.9528e+08 1.9339e+08  0.97%  30.9  195s
 121835 17322 1.9490e+08   74  129 1.9528e+08 1.9342e+08  0.95%  31.2  200s
H122296 16584                    1.952805e+08 1.9342e+08  0.95%  31.4  204s
 122375 16604 1.9490e+08   97   91 1.9528e+08 1.9342e+08  0.95%  31.4  205s
 125726 17283 1.9358e+08   89   56 1.9528e+08 1.9342e+08  0.95%  31.6  210s
 132367 19349 1.9389e+08  106   62 1.9528e+08 1.9342e+08  0.95%  31.7  215s
 138635 21315 1.9471e+08   90   91 1.9528e+08 1.9347e+08  0.93%  31.9  220s
H139551 20434                    1.952805e+08 1.9347e+08  0.93%  31.9  220s
*139564 18407             105    1.950159e+08 1.9347e+08  0.79%  31.9  220s
 145791 19943 1.9479e+08  106   45 1.9502e+08 1.9362e+08  0.71%  32.1  225s
H145871 19145                    1.950120e+08 1.9362e+08  0.71%  32.1  225s
 152221 20600 1.9444e+08   87   24 1.9501e+08 1.9373e+08  0.66%  32.5  230s
H153626 20024                    1.950120e+08 1.9374e+08  0.65%  32.5  231s
 158956 21195 1.9449e+08   85   51 1.9501e+08 1.9381e+08  0.61%  32.8  235s
*161348 12527              97    1.945930e+08 1.9384e+08  0.39%  32.9  237s
*163221  8364              89    1.944193e+08 1.9386e+08  0.29%  33.0  238s
H163640  4614                    1.942544e+08 1.9388e+08  0.19%  33.0  239s
 164526  3799 1.9423e+08  127  114 1.9425e+08 1.9390e+08  0.18%  33.1  240s
H168153   841                    1.942544e+08 1.9415e+08  0.05%  33.2  242s
H169309     0                    1.942544e+08 1.9421e+08  0.02%  33.1  243s

Cutting planes:
  Gomory: 107
  Lift-and-project: 2
  Cover: 10
  MIR: 278
  StrongCG: 1
  Flow cover: 96
  Zero half: 5
  Network: 12

Explored 170039 nodes (5605750 simplex iterations) in 243.20 seconds (237.67 work units)
Thread count was 16 (of 16 available processors)

Solution count 10: 1.94254e+08 1.94419e+08 1.94593e+08 ... 1.98129e+08

Optimal solution found (tolerance 1.00e-04)
Best objective 1.942543909070e+08, best bound 1.942543909070e+08, gap 0.0000%

Gurobi 10.0.2 (win64, Matlab) logging started Tue Oct  3 18:24:59 2023

Set parameter TimeLimit to value 15000
Set parameter NodefileDir to value ""
Set parameter LogFile to value "Case_42_LDF.log"
Gurobi Optimizer version 10.0.2 build v10.0.2rc0 (win64)

CPU model: 13th Gen Intel(R) Core(TM) i7-1360P, instruction set [SSE2|AVX|AVX2]
Thread count: 12 physical cores, 16 logical processors, using up to 16 threads

Optimize a model with 18409 rows, 12913 columns and 107819 nonzeros
Model fingerprint: 0x854c931f
Variable types: 3013 continuous, 9900 integer (9900 binary)
Coefficient statistics:
  Matrix range     [1e+00, 7e+01]
  Objective range  [2e+06, 1e+09]
  Bounds range     [1e+00, 1e+00]
  RHS range        [1e+00, 6e+02]
Presolve removed 8526 rows and 7275 columns
Presolve time: 0.64s
Presolved: 9883 rows, 5638 columns, 112758 nonzeros
Variable types: 3013 continuous, 2625 integer (2625 binary)
Found heuristic solution: objective 2.886266e+11

Root relaxation: objective 1.872674e+08, 7173 iterations, 0.13 seconds (0.24 work units)

    Nodes    |    Current Node    |     Objective Bounds      |     Work
 Expl Unexpl |  Obj  Depth IntInf | Incumbent    BestBd   Gap | It/Node Time

     0     0 1.8727e+08    0   40 2.8863e+11 1.8727e+08   100%     -    0s
H    0     0                    4.821478e+10 1.8727e+08   100%     -    1s
H    0     0                    4.820667e+10 1.8727e+08   100%     -    1s
H    0     0                    3.620969e+10 1.8727e+08  99.5%     -    1s
H    0     0                    3.620896e+10 1.8727e+08  99.5%     -    1s
     0     0 1.8894e+08    0   32 3.6209e+10 1.8894e+08  99.5%     -    1s
H    0     0                    3.620283e+10 1.8895e+08  99.5%     -    1s
     0     0 1.8895e+08    0   38 3.6203e+10 1.8895e+08  99.5%     -    1s
     0     0 1.8932e+08    0   30 3.6203e+10 1.8932e+08  99.5%     -    2s
H    0     0                    3.620152e+10 1.8933e+08  99.5%     -    2s
     0     0 1.8933e+08    0   30 3.6202e+10 1.8933e+08  99.5%     -    2s
H    0     0                    2.419351e+10 1.8938e+08  99.2%     -    2s
     0     0 1.8938e+08    0   31 2.4194e+10 1.8938e+08  99.2%     -    2s
     0     0 1.8938e+08    0   31 2.4194e+10 1.8938e+08  99.2%     -    2s
     0     0 1.8938e+08    0   31 2.4194e+10 1.8938e+08  99.2%     -    2s
     0     2 1.8984e+08    0   31 2.4194e+10 1.8984e+08  99.2%     -    3s
H   50    52                    2.419227e+10 1.8984e+08  99.2%  40.6    4s
    81   100 1.9007e+08    9   41 2.4192e+10 1.8984e+08  99.2%  32.5    5s
H 1454  1464                    2.419106e+10 1.8984e+08  99.2%  17.2    8s
H 1455  1464                    1.219998e+10 1.8984e+08  98.4%  17.2    8s
H 1458  1464                    1.219680e+10 1.8984e+08  98.4%  17.2    8s
  2430  2497 1.9252e+08  178   28 1.2197e+10 1.8984e+08  98.4%  15.7   10s
H 2462  2497                    1.219672e+10 1.8984e+08  98.4%  15.5   10s
H 2485  2497                    1.219563e+10 1.8984e+08  98.4%  15.5   10s
H 2879  2866                    1.219555e+10 1.8984e+08  98.4%  14.6   11s
H 2886  2866                    1.219454e+10 1.8984e+08  98.4%  14.6   11s
  4492  4389 2.1130e+08  303   24 1.2195e+10 1.8984e+08  98.4%  13.6   16s
H 4493  4389                    1.219422e+10 1.8984e+08  98.4%  13.6   16s
H 4498  4389                    1.219414e+10 1.8984e+08  98.4%  13.6   16s
H 4502  4389                    1.219377e+10 1.8984e+08  98.4%  13.6   16s
H 5654  5547                    1.219369e+10 1.8984e+08  98.4%  13.3   18s
H 5655  3987                    2.021548e+08 1.8984e+08  6.09%  13.3   18s
H 6674  4625                    1.999682e+08 1.8984e+08  5.07%  13.3   19s
  6675  4625 1.9190e+08   24   31 1.9997e+08 1.8984e+08  5.07%  13.3   21s
H 6677  4394                    1.988688e+08 1.8984e+08  4.54%  13.3   22s
H 6678  4175                    1.970345e+08 1.8984e+08  3.65%  13.3   22s
H 6679  3967                    1.970345e+08 1.8984e+08  3.65%  13.3   22s
  6704  3996 1.9078e+08   18   38 1.9703e+08 1.9030e+08  3.42%  14.3   25s
H 6722  3803                    1.970345e+08 1.9030e+08  3.42%  14.3   25s
H 6776  3656                    1.970345e+08 1.9030e+08  3.42%  14.4   26s
H 6811  3491                    1.970071e+08 1.9030e+08  3.40%  14.6   27s
  7389  3883 1.9181e+08   43   35 1.9701e+08 1.9030e+08  3.40%  15.5   30s
  9834  4989 1.9322e+08  118   19 1.9701e+08 1.9030e+08  3.40%  16.8   35s
H11985  4455                    1.949934e+08 1.9030e+08  2.40%  17.1   42s
H11991  3853                    1.942544e+08 1.9030e+08  2.03%  17.1   42s
 13850  5045 1.9056e+08   31   27 1.9425e+08 1.9041e+08  1.98%  16.5   45s
H17905  6912                    1.942544e+08 1.9058e+08  1.89%  15.2   49s
 17906  6913 1.9340e+08   83   31 1.9425e+08 1.9058e+08  1.89%  15.2   50s
 20108  7729     cutoff  115      1.9425e+08 1.9074e+08  1.81%  15.7   55s
 27144 10877 1.9210e+08   58   46 1.9425e+08 1.9110e+08  1.62%  15.3   60s
 37214 14659 1.9140e+08   60   34 1.9425e+08 1.9124e+08  1.55%  15.5   65s
 47986 21589 1.9310e+08   56   35 1.9425e+08 1.9130e+08  1.52%  15.9   70s
 53869 25271 1.9334e+08  147   31 1.9425e+08 1.9133e+08  1.50%  15.4   77s
H53871 24008                    1.942544e+08 1.9133e+08  1.50%  15.4   77s
 53895 24024 1.9330e+08  133   86 1.9425e+08 1.9176e+08  1.28%  15.4   80s
 53936 24053 1.9195e+08   53  101 1.9425e+08 1.9192e+08  1.20%  15.5   85s
 53968 24077 1.9209e+08   57  115 1.9425e+08 1.9207e+08  1.12%  15.6   90s
 55974 24485 1.9319e+08   98   61 1.9425e+08 1.9226e+08  1.03%  16.6   95s
 61930 25928     cutoff   97      1.9425e+08 1.9284e+08  0.73%  18.6  100s
H66892 25554                    1.942544e+08 1.9295e+08  0.67%  20.1  104s
 67267 25459 1.9313e+08   91   99 1.9425e+08 1.9295e+08  0.67%  20.2  105s
 73470 27392 1.9380e+08   69   75 1.9425e+08 1.9306e+08  0.61%  21.4  110s
 80572 28082 1.9412e+08  136   50 1.9425e+08 1.9316e+08  0.57%  22.9  115s
 87115 28531 1.9393e+08   95   83 1.9425e+08 1.9323e+08  0.53%  24.0  120s
 93122 28774 1.9405e+08  130   69 1.9425e+08 1.9329e+08  0.50%  24.9  125s
 100048 28981 1.9411e+08   95  103 1.9425e+08 1.9334e+08  0.47%  25.8  130s
 107442 28916 1.9408e+08   94  109 1.9425e+08 1.9339e+08  0.44%  26.7  135s
 114700 28459 1.9407e+08   94   97 1.9425e+08 1.9344e+08  0.42%  27.4  141s
 120439 28284 1.9401e+08  118   82 1.9425e+08 1.9348e+08  0.40%  28.0  146s
 126782 28898     cutoff   91      1.9425e+08 1.9351e+08  0.38%  28.5  151s
 132825 30196 1.9397e+08   76  105 1.9425e+08 1.9355e+08  0.36%  29.0  155s
 139172 31462     cutoff   94      1.9425e+08 1.9358e+08  0.35%  29.4  161s
 141441 31935 1.9402e+08   87  101 1.9425e+08 1.9359e+08  0.34%  29.5  165s
 149356 32922     cutoff   83      1.9425e+08 1.9363e+08  0.32%  29.9  171s
 154324 33487     cutoff   85      1.9425e+08 1.9365e+08  0.31%  30.2  175s
 161809 33968     cutoff   88      1.9425e+08 1.9369e+08  0.29%  30.6  181s
 169430 34120     cutoff  112      1.9425e+08 1.9372e+08  0.27%  30.8  186s
 174272 34038 1.9418e+08  107   57 1.9425e+08 1.9375e+08  0.26%  31.0  190s
 181612 33549 1.9415e+08  110   27 1.9425e+08 1.9378e+08  0.25%  31.3  195s
 188884 32835 1.9410e+08  109   48 1.9425e+08 1.9381e+08  0.23%  31.5  201s
 194008 32047     cutoff   84      1.9425e+08 1.9383e+08  0.22%  31.7  205s
 201324 30200     cutoff   87      1.9425e+08 1.9386e+08  0.20%  31.8  212s
 207397 28427 1.9408e+08   73  106 1.9425e+08 1.9389e+08  0.19%  32.0  217s
 213813 26343 1.9416e+08  110   21 1.9425e+08 1.9392e+08  0.17%  32.0  222s
 216885 24974 1.9419e+08   77   76 1.9425e+08 1.9393e+08  0.17%  32.1  225s
 223996 21399 1.9417e+08   92   81 1.9425e+08 1.9397e+08  0.15%  32.1  231s
 231618 17242     cutoff  118      1.9425e+08 1.9400e+08  0.13%  32.1  237s
 239096 12481 1.9419e+08   90   55 1.9425e+08 1.9404e+08  0.11%  32.0  242s
 245878  6301     cutoff  119      1.9425e+08 1.9409e+08  0.09%  31.9  246s

Cutting planes:
  Gomory: 281
  Cover: 3
  MIR: 26
  StrongCG: 4
  Flow cover: 69
  Inf proof: 1
  Zero half: 1
  RLT: 1

Explored 256354 nodes (8038305 simplex iterations) in 250.05 seconds (193.82 work units)
Thread count was 16 (of 16 available processors)

Solution count 10: 1.94254e+08 1.94993e+08 1.97007e+08 ... 1.21941e+10

Optimal solution found (tolerance 1.00e-04)
Best objective 1.942543909070e+08, best bound 1.942543907824e+08, gap 0.0000%
